<?xml version="1.0" encoding="UTF-8"?>
<testsuite time="40.276" failures="0" tests="1" name="tests" >
  <testcase time="40.266" classname="tests" name="AppSeleniumTest" />
</testsuite>