<?xml version="1.0" encoding="UTF-8"?>
<testsuite time="0.0" failures="0" tests="3" name="tests" >
  <testcase time="0.0" classname="tests" name="AppSahiTest" />
  <testcase time="0.0" classname="tests" name="AppSeleniumTest" />
  <testcase time="0.0" classname="tests" name="first-test.ta" />
</testsuite>